<?xml version="1.0" encoding="UTF-8"?>
<!-- Generated by org.testng.reporters.JUnitXMLReporter -->
<testsuite ignored="0" hostname="Rajitha6303" failures="1" tests="1" name="Default test-0" time="24.712" errors="0" timestamp="2024-08-25T13:16:55 IST">
  <testcase classname="basicTest.BrowserChromeTest" name="browserTest" time="0.342">
    <failure type="org.openqa.selenium.WebDriverException" message="An unknown server-side error occurred while processing the command. Original error: Error attempting to start URI. Original error: Error: Starting: Intent { act=android.intent.action.VIEW dat=https://www.google.com/... pkg=com.androidsample.generalstore }
Error: Activity not started, unable to resolve Intent { act=android.intent.action.VIEW dat=https://www.google.com/... flg=0x10000000 pkg=com.androidsample.generalstore }
Build info: version: &amp;apos;4.23.1&amp;apos;, revision: &amp;apos;656257d8e9&amp;apos;
System info: os.name: &amp;apos;Windows 11&amp;apos;, os.arch: &amp;apos;amd64&amp;apos;, os.version: &amp;apos;10.0&amp;apos;, java.version: &amp;apos;19.0.2&amp;apos;
Driver info: io.appium.java_client.android.AndroidDriver
Command: [a1bc973f25fe0d1a11e8cee58cd82add8d23e517, get {url=https://www.google.com/}]
Capabilities {appium:appActivity: com.androidsample.generalst..., appium:appPackage: com.androidsample.generalstore, appium:automationName: uiautomator2, appium:bundleID: com.androidsample.generalstore, appium:bundleId: com.androidsample.generalstore, appium:chromedriverPort: 18083, appium:chromedriverPorts: [[18133, 18143]], appium:databaseEnabled: false, appium:desired: {appActivity: com.androidsample.generalst..., appPackage: com.androidsample.generalstore, automationName: uiautomator2, bstack:options: {buildIdentifier: #20, hostName: Rajitha6303, localIdentifier: 25_Aug_1316_Rajitha6303_98fj}, bundleID: com.androidsample.generalstore, bundleId: com.androidsample.generalstore, chromedriverPort: 18083, chromedriverPorts: [[18133, 18143]], deviceName: emulator-5554, disableSuppressAccessibilityService: true, goog:chromeOptions: {}, nativeWebScreenshot: true, newCommandTimeout: 0, platformName: Android, skipServerInstallation: true, systemPort: 8203, udid: R5CT238SA7H}, appium:deviceApiLevel: 31, appium:deviceManufacturer: samsung, appium:deviceModel: SM-S908E, appium:deviceName: R5CT238SA7H, appium:deviceScreenDensity: 450, appium:deviceScreenSize: 1080x2316, appium:deviceUDID: R5CT238SA7H, appium:disableSuppressAccessibilityService: true, appium:javascriptEnabled: true, appium:locationContextEnabled: false, appium:nativeWebScreenshot: true, appium:networkConnectionEnabled: true, appium:newCommandTimeout: 0, appium:optimalHubUrl: hub-aps.browserstack.com, appium:pixelRatio: 2.8125, appium:platformVersion: 12, appium:skipServerInstallation: true, appium:statBarHeight: 75, appium:systemPort: 8203, appium:takesScreenshot: true, appium:udid: R5CT238SA7H, appium:viewportRect: {height: 2031, left: 0, top: 75, width: 1080}, appium:warnings: {}, appium:webStorageEnabled: false, bstack:options: {buildIdentifier: #20, hostName: Rajitha6303, localIdentifier: 25_Aug_1316_Rajitha6303_98fj}, goog:chromeOptions: {}, platformName: ANDROID}
Session ID: a1bc973f25fe0d1a11e8cee58cd82add8d23e517">
      <![CDATA[org.openqa.selenium.WebDriverException: An unknown server-side error occurred while processing the command. Original error: Error attempting to start URI. Original error: Error: Starting: Intent { act=android.intent.action.VIEW dat=https://www.google.com/... pkg=com.androidsample.generalstore }
Error: Activity not started, unable to resolve Intent { act=android.intent.action.VIEW dat=https://www.google.com/... flg=0x10000000 pkg=com.androidsample.generalstore }
Build info: version: '4.23.1', revision: '656257d8e9'
System info: os.name: 'Windows 11', os.arch: 'amd64', os.version: '10.0', java.version: '19.0.2'
Driver info: io.appium.java_client.android.AndroidDriver
Command: [a1bc973f25fe0d1a11e8cee58cd82add8d23e517, get {url=https://www.google.com/}]
Capabilities {appium:appActivity: com.androidsample.generalst..., appium:appPackage: com.androidsample.generalstore, appium:automationName: uiautomator2, appium:bundleID: com.androidsample.generalstore, appium:bundleId: com.androidsample.generalstore, appium:chromedriverPort: 18083, appium:chromedriverPorts: [[18133, 18143]], appium:databaseEnabled: false, appium:desired: {appActivity: com.androidsample.generalst..., appPackage: com.androidsample.generalstore, automationName: uiautomator2, bstack:options: {buildIdentifier: #20, hostName: Rajitha6303, localIdentifier: 25_Aug_1316_Rajitha6303_98fj}, bundleID: com.androidsample.generalstore, bundleId: com.androidsample.generalstore, chromedriverPort: 18083, chromedriverPorts: [[18133, 18143]], deviceName: emulator-5554, disableSuppressAccessibilityService: true, goog:chromeOptions: {}, nativeWebScreenshot: true, newCommandTimeout: 0, platformName: Android, skipServerInstallation: true, systemPort: 8203, udid: R5CT238SA7H}, appium:deviceApiLevel: 31, appium:deviceManufacturer: samsung, appium:deviceModel: SM-S908E, appium:deviceName: R5CT238SA7H, appium:deviceScreenDensity: 450, appium:deviceScreenSize: 1080x2316, appium:deviceUDID: R5CT238SA7H, appium:disableSuppressAccessibilityService: true, appium:javascriptEnabled: true, appium:locationContextEnabled: false, appium:nativeWebScreenshot: true, appium:networkConnectionEnabled: true, appium:newCommandTimeout: 0, appium:optimalHubUrl: hub-aps.browserstack.com, appium:pixelRatio: 2.8125, appium:platformVersion: 12, appium:skipServerInstallation: true, appium:statBarHeight: 75, appium:systemPort: 8203, appium:takesScreenshot: true, appium:udid: R5CT238SA7H, appium:viewportRect: {height: 2031, left: 0, top: 75, width: 1080}, appium:warnings: {}, appium:webStorageEnabled: false, bstack:options: {buildIdentifier: #20, hostName: Rajitha6303, localIdentifier: 25_Aug_1316_Rajitha6303_98fj}, goog:chromeOptions: {}, platformName: ANDROID}
Session ID: a1bc973f25fe0d1a11e8cee58cd82add8d23e517
at java.base/jdk.internal.reflect.DirectConstructorHandleAccessor.newInstance(DirectConstructorHandleAccessor.java:67)
at java.base/java.lang.reflect.Constructor.newInstanceWithCaller(Constructor.java:500)
at java.base/java.lang.reflect.Constructor.newInstance(Constructor.java:484)
at org.openqa.selenium.remote.ErrorCodec.decode(ErrorCodec.java:167)
at org.openqa.selenium.remote.codec.w3c.W3CHttpResponseCodec.decode(W3CHttpResponseCodec.java:138)
at org.openqa.selenium.remote.codec.w3c.W3CHttpResponseCodec.decode(W3CHttpResponseCodec.java:50)
at org.openqa.selenium.remote.HttpCommandExecutor.execute(HttpCommandExecutor.java:190)
at io.appium.java_client.remote.AppiumCommandExecutor.execute(AppiumCommandExecutor.java:237)
at org.openqa.selenium.remote.RemoteWebDriver.execute(RemoteWebDriver.java:545)
at org.openqa.selenium.remote.RemoteWebDriver.get(RemoteWebDriver.java:313)
at basicTest.BrowserChromeTest.browserTest(BrowserChromeTest.java:39)
at java.base/jdk.internal.reflect.DirectMethodHandleAccessor.invoke(DirectMethodHandleAccessor.java:104)
at java.base/java.lang.reflect.Method.invoke(Method.java:578)
at org.testng.internal.invokers.MethodInvocationHelper.invokeMethod(MethodInvocationHelper.java:141)
at org.testng.internal.invokers.TestInvoker.invokeMethod(TestInvoker.java:686)
at org.testng.internal.invokers.TestInvoker.invokeTestMethod(TestInvoker.java:230)
at org.testng.internal.invokers.MethodRunner.runInSequence(MethodRunner.java:63)
at org.testng.internal.invokers.TestInvoker$MethodInvocationAgent.invoke(TestInvoker.java:992)
at org.testng.internal.invokers.TestInvoker.invokeTestMethods(TestInvoker.java:203)
at org.testng.internal.invokers.TestMethodWorker.invokeTestMethods(TestMethodWorker.java:154)
at org.testng.internal.invokers.TestMethodWorker.run(TestMethodWorker.java:134)
at java.base/java.util.concurrent.Executors$RunnableAdapter.call(Executors.java:577)
at java.base/java.util.concurrent.FutureTask.run(FutureTask.java:317)
at org.testng.internal.thread.graph.TestNGFutureTask.run(TestNGFutureTask.java:22)
at java.base/java.util.concurrent.ThreadPoolExecutor.runWorker(ThreadPoolExecutor.java:1144)
at java.base/java.util.concurrent.ThreadPoolExecutor$Worker.run(ThreadPoolExecutor.java:642)
at java.base/java.lang.Thread.run(Thread.java:1589)
]]>
    </failure>
  </testcase> <!-- browserTest -->
</testsuite> <!-- Default test-0 -->
